\BOOKMARK [0][-]{name.0}{Contents}{}% 1
\BOOKMARK [0][-]{chapter*.2}{Acknowledgments}{}% 2
\BOOKMARK [0][-]{chapter*.3}{Standard\040abbreviations\040used\040in\040this\040volume}{}% 3
\BOOKMARK [0][-]{chapter*.4}{1\040Amazonian\040narrative\040verbal\040arts\040and\040typological\040gemsBruna\040Franchetto\040&\040Kristine\040Stenzel\040}{}% 4
\BOOKMARK [1][-]{section.1.1}{1\040Origins}{chapter*.4}% 5
\BOOKMARK [1][-]{section.1.2}{2\040A\040contribution\040to\040Amazonian\040ethnology}{chapter*.4}% 6
\BOOKMARK [1][-]{section.1.3}{3\040Narrative\040verbal\040artistry}{chapter*.4}% 7
\BOOKMARK [1][-]{section.1.4}{4\040A\040host\040of\040typological\040gems}{chapter*.4}% 8
\BOOKMARK [-1][]{part.1}{I\040Life,\040death,\040and\040the\040world\040beyond}{}% 9
\BOOKMARK [0][-]{chapter*.7}{2 KuikuroBruna Franchetto, Carlos Fausto, Ájahi Kuikuro & Jamalui Kuikuro Mehinaku}{part.1}% 10
\BOOKMARK [1][-]{section.2.1}{1\040Introduction}{chapter*.7}% 11
\BOOKMARK [1][-]{section.2.2}{2\040Kuikuro:\040people\040and\040language}{chapter*.7}% 12
\BOOKMARK [1][-]{section.2.3}{3\040The\040narrative}{chapter*.7}% 13
\BOOKMARK [1][-]{section.2.4}{4 Anha ituna tütenhüpe itaõ}{chapter*.7}% 14
\BOOKMARK [0][-]{chapter*.14}{3\040KalapaloAntonio\040Guerreiro,\040Ageu\040Kalapalo,\040Jeika\040Kalapalo\040&\040Ugise\040Kalapalo}{part.1}% 15
\BOOKMARK [1][-]{section.3.1}{1\040Introduction}{chapter*.14}% 16
\BOOKMARK [1][-]{section.3.2}{2 Kamagisa etsutühügü}{chapter*.14}% 17
\BOOKMARK [1][-]{section.3.3}{3\040Comments:\040alterity\040and\040translation}{chapter*.14}% 18
\BOOKMARK [0][-]{chapter*.20}{4 MaruboPedro de Niemeyer Cesarino, Armando Mariano Marubo Cherõpapa Txano & Robson Dionísio Doles Marubo}{part.1}% 19
\BOOKMARK [1][-]{section.4.1}{1\040Introduction}{chapter*.20}% 20
\BOOKMARK [1][-]{section.4.2}{2\040The\040teachings\040of\040the\040Death-Path}{chapter*.20}% 21
\BOOKMARK [0][-]{chapter*.24}{5\040TrumaiRaquel\040Guirardello-Damian,\040Kumaru\040Trumai\040&\040Tarukuy\040Trumai}{part.1}% 22
\BOOKMARK [1][-]{section.5.1}{1\040Introduction}{chapter*.24}% 23
\BOOKMARK [1][-]{section.5.2}{2\040The\040Trumai\040people\040and\040their\040language}{chapter*.24}% 24
\BOOKMARK [1][-]{section.5.3}{3\040The\040topic\040of\040the\040narrative}{chapter*.24}% 25
\BOOKMARK [1][-]{section.5.4}{4\040General\040aspects\040of\040the\040narrative}{chapter*.24}% 26
\BOOKMARK [1][-]{section.5.5}{5 tɾumaj wankat̪e daint̪'a: kowow}{chapter*.24}% 27
\BOOKMARK [-1][]{part.2}{II\040Beginnings}{}% 28
\BOOKMARK [0][-]{chapter*.32}{6 KotiriaKristine Stenzel, Teresinha Marques, José Galvez Trindade & Miguel Wacho Cabral}{part.2}% 29
\BOOKMARK [1][-]{section.6.1}{1\040Introduction}{chapter*.32}% 30
\BOOKMARK [1][-]{section.6.2}{2 Mahsa khõ'akho'topori}{chapter*.32}% 31
\BOOKMARK [0][-]{chapter*.42}{7\040HupPatience\040Epps,\040Isabel\040Salustiano,\040Jovino\040Monteiro\040&\040Pedro\040Pires\040Dias}{part.2}% 32
\BOOKMARK [1][-]{section.7.1}{1\040Introduction}{chapter*.42}% 33
\BOOKMARK [1][-]{section.7.2}{2 Mohõ̀y wäd nɨ̀h pɨnɨ̀g}{chapter*.42}% 34
\BOOKMARK [0][-]{chapter*.53}{8\040SakurabiatAna\040Vilacy\040Galucio,\040Mercedes\040Guaratira\040Sakyrabiar,\040Manoel\040Ferreira\040Sakyrabiar,\040Rosalina\040Guaratira\040Sakyrabiar\040&\040Olimpio\040Ferreira\040Sakyrabiar}{part.2}% 35
\BOOKMARK [1][-]{section.8.1}{1\040Introduction}{chapter*.53}% 36
\BOOKMARK [1][-]{section.8.2}{2 Kõtkõra asisi}{chapter*.53}% 37
\BOOKMARK [-1][]{part.3}{III\040Ancestors\040and\040tricksters}{}% 38
\BOOKMARK [0][-]{chapter*.61}{9 KĩsêdjêRafael Nonato, Kujusi Suyá, Jamthô Suyá & Kawiri Suyá}{part.3}% 39
\BOOKMARK [1][-]{section.9.1}{1\040Introduction}{chapter*.61}% 40
\BOOKMARK [2][-]{subsection.9.1.1}{1.1\040The\040circumstances\040of\040the\040narration}{section.9.1}% 41
\BOOKMARK [2][-]{subsection.9.1.2}{1.2 The Kĩsêdjê people}{section.9.1}% 42
\BOOKMARK [2][-]{subsection.9.1.3}{1.3 The Kĩsêdjê language}{section.9.1}% 43
\BOOKMARK [1][-]{section.9.2}{2 Khátpy re wapãmjê thõ thurun tho thẽm nda}{chapter*.61}% 44
\BOOKMARK [0][-]{chapter*.65}{10 KwazaHein van der Voort, Edileusa Kwaza, Zezinho Kwaza & Mario Aikanã}{part.3}% 45
\BOOKMARK [1][-]{section.10.1}{1\040Introduction}{chapter*.65}% 46
\BOOKMARK [1][-]{section.10.2}{2\040Hakai\040dariya}{chapter*.65}% 47
\BOOKMARK [0][-]{chapter*.70}{11 AikanãJoshua Birchall, Hein van der Voort, Luiz Aikanã & Cândida Aikanã}{part.3}% 48
\BOOKMARK [1][-]{section.11.1}{1\040Introduction}{chapter*.70}% 49
\BOOKMARK [1][-]{section.11.2}{2 Eruerazũ kyã’apa’i}{chapter*.70}% 50
\BOOKMARK [0][-]{chapter*.75}{12 Suruí of RondôniaCédric Yvinec & Agamenon Gamasakaka Suruí}{part.3}% 51
\BOOKMARK [1][-]{section.12.1}{1\040Introduction}{chapter*.75}% 52
\BOOKMARK [1][-]{section.12.2}{2 Ana omamõya G̃oxoraka ã}{chapter*.75}% 53
\BOOKMARK [0][-]{chapter*.84}{13 Ka'aporGustavo Godoy & Wyrapitã Ka'apor}{part.3}% 54
\BOOKMARK [1][-]{section.13.1}{1\040Introduction}{chapter*.84}% 55
\BOOKMARK [1][-]{section.13.2}{2 The Ka’apor and their languages}{chapter*.84}% 56
\BOOKMARK [1][-]{section.13.3}{3\040Notes\040on\040the\040narrative}{chapter*.84}% 57
\BOOKMARK [1][-]{section.13.4}{4\040Notes\040on\040transcription\040and\040annotation}{chapter*.84}% 58
\BOOKMARK [1][-]{section.13.5}{5 A’i ymanhar ke kurumĩ rehe pynu ixo.}{chapter*.84}% 59
\BOOKMARK [0][-]{section*.89}{Index}{part.3}% 60
\BOOKMARK [1][-]{section*.90}{Name\040index}{section*.89}% 61
